Copyright 1986-2020 Xilinx, Inc. All Rights Reserved.
--------------------------------------------------------------------------------------------------------------------------------------------------------------------------------
| Tool Version : Vivado v.2020.1 (win64) Build 2902540 Wed May 27 19:54:49 MDT 2020
| Date         : Wed Dec  2 17:46:13 2020
| Host         : DESKTOP-IAE150N running 64-bit major release  (build 9200)
| Command      : report_timing_summary -max_paths 10 -file top_timing_summary_routed.rpt -pb top_timing_summary_routed.pb -rpx top_timing_summary_routed.rpx -warn_on_violation
| Design       : top
| Device       : 7a35t-cpg236
| Speed File   : -1  PRODUCTION 1.23 2018-06-13
--------------------------------------------------------------------------------------------------------------------------------------------------------------------------------

Timing Summary Report

------------------------------------------------------------------------------------------------
| Timer Settings
| --------------
------------------------------------------------------------------------------------------------

  Enable Multi Corner Analysis               :  Yes
  Enable Pessimism Removal                   :  Yes
  Pessimism Removal Resolution               :  Nearest Common Node
  Enable Input Delay Default Clock           :  No
  Enable Preset / Clear Arcs                 :  No
  Disable Flight Delays                      :  No
  Ignore I/O Paths                           :  No
  Timing Early Launch at Borrowing Latches   :  No
  Borrow Time for Max Delay Exceptions       :  Yes
  Merge Timing Exceptions                    :  Yes

  Corner  Analyze    Analyze    
  Name    Max Paths  Min Paths  
  ------  ---------  ---------  
  Slow    Yes        Yes        
  Fast    Yes        Yes        



check_timing report

Table of Contents
-----------------
1. checking no_clock (9721)
2. checking constant_clock (0)
3. checking pulse_width_clock (0)
4. checking unconstrained_internal_endpoints (13961)
5. checking no_input_delay (18)
6. checking no_output_delay (7)
7. checking multiple_clock (0)
8. checking generated_clocks (0)
9. checking loops (0)
10. checking partial_input_delay (0)
11. checking partial_output_delay (0)
12. checking latch_loops (6)

1. checking no_clock (9721)
---------------------------
 There are 4484 register/latch pins with no clock driven by root clock pin: clk (HIGH)

 There are 398 register/latch pins with no clock driven by root clock pin: rst (HIGH)

 There are 130 register/latch pins with no clock driven by root clock pin: count_reg[0]/Q (HIGH)

 There are 130 register/latch pins with no clock driven by root clock pin: count_reg[1]/Q (HIGH)

 There are 64 register/latch pins with no clock driven by root clock pin: op2_reg[0]/Q (HIGH)

 There are 251 register/latch pins with no clock driven by root clock pin: op2_reg[0]_rep/Q (HIGH)

 There are 64 register/latch pins with no clock driven by root clock pin: op2_reg[0]_rep__0/Q (HIGH)

 There are 64 register/latch pins with no clock driven by root clock pin: op2_reg[1]/Q (HIGH)

 There are 252 register/latch pins with no clock driven by root clock pin: op2_reg[1]_rep/Q (HIGH)

 There are 64 register/latch pins with no clock driven by root clock pin: op2_reg[1]_rep__0/Q (HIGH)

 There are 508 register/latch pins with no clock driven by root clock pin: op2_reg[2]/Q (HIGH)

 There are 316 register/latch pins with no clock driven by root clock pin: operation_reg[0]/Q (HIGH)

 There are 316 register/latch pins with no clock driven by root clock pin: operation_reg[1]/Q (HIGH)

 There are 316 register/latch pins with no clock driven by root clock pin: operation_reg[2]/Q (HIGH)

 There are 139 register/latch pins with no clock driven by root clock pin: printed_reg/Q (HIGH)

 There are 106 register/latch pins with no clock driven by root clock pin: size_sel_reg[0]/Q (HIGH)

 There are 136 register/latch pins with no clock driven by root clock pin: size_sel_reg[1]/Q (HIGH)

 There are 459 register/latch pins with no clock driven by root clock pin: state_reg[0]/Q (HIGH)

 There are 459 register/latch pins with no clock driven by root clock pin: state_reg[1]/Q (HIGH)

 There are 459 register/latch pins with no clock driven by root clock pin: state_reg[2]/Q (HIGH)

 There are 141 register/latch pins with no clock driven by root clock pin: u1/d1/Q_reg/Q (HIGH)

 There are 141 register/latch pins with no clock driven by root clock pin: u1/d2/Q_reg/Q (HIGH)

 There are 6 register/latch pins with no clock driven by root clock pin: u2/u3/product_reg[100]/Q (HIGH)

 There are 6 register/latch pins with no clock driven by root clock pin: u2/u3/product_reg[101]/Q (HIGH)

 There are 6 register/latch pins with no clock driven by root clock pin: u2/u3/product_reg[102]/Q (HIGH)

 There are 6 register/latch pins with no clock driven by root clock pin: u2/u3/product_reg[103]/Q (HIGH)

 There are 6 register/latch pins with no clock driven by root clock pin: u2/u3/product_reg[104]/Q (HIGH)

 There are 6 register/latch pins with no clock driven by root clock pin: u2/u3/product_reg[105]/Q (HIGH)

 There are 6 register/latch pins with no clock driven by root clock pin: u2/u3/product_reg[52]/Q (HIGH)

 There are 6 register/latch pins with no clock driven by root clock pin: u2/u3/product_reg[53]/Q (HIGH)

 There are 6 register/latch pins with no clock driven by root clock pin: u2/u3/product_reg[54]/Q (HIGH)

 There are 6 register/latch pins with no clock driven by root clock pin: u2/u3/product_reg[55]/Q (HIGH)

 There are 6 register/latch pins with no clock driven by root clock pin: u2/u3/product_reg[56]/Q (HIGH)

 There are 6 register/latch pins with no clock driven by root clock pin: u2/u3/product_reg[57]/Q (HIGH)

 There are 6 register/latch pins with no clock driven by root clock pin: u2/u3/product_reg[58]/Q (HIGH)

 There are 6 register/latch pins with no clock driven by root clock pin: u2/u3/product_reg[59]/Q (HIGH)

 There are 6 register/latch pins with no clock driven by root clock pin: u2/u3/product_reg[60]/Q (HIGH)

 There are 6 register/latch pins with no clock driven by root clock pin: u2/u3/product_reg[61]/Q (HIGH)

 There are 6 register/latch pins with no clock driven by root clock pin: u2/u3/product_reg[62]/Q (HIGH)

 There are 6 register/latch pins with no clock driven by root clock pin: u2/u3/product_reg[63]/Q (HIGH)

 There are 6 register/latch pins with no clock driven by root clock pin: u2/u3/product_reg[64]/Q (HIGH)

 There are 6 register/latch pins with no clock driven by root clock pin: u2/u3/product_reg[65]/Q (HIGH)

 There are 6 register/latch pins with no clock driven by root clock pin: u2/u3/product_reg[66]/Q (HIGH)

 There are 6 register/latch pins with no clock driven by root clock pin: u2/u3/product_reg[67]/Q (HIGH)

 There are 6 register/latch pins with no clock driven by root clock pin: u2/u3/product_reg[68]/Q (HIGH)

 There are 6 register/latch pins with no clock driven by root clock pin: u2/u3/product_reg[69]/Q (HIGH)

 There are 6 register/latch pins with no clock driven by root clock pin: u2/u3/product_reg[70]/Q (HIGH)

 There are 6 register/latch pins with no clock driven by root clock pin: u2/u3/product_reg[71]/Q (HIGH)

 There are 6 register/latch pins with no clock driven by root clock pin: u2/u3/product_reg[72]/Q (HIGH)

 There are 6 register/latch pins with no clock driven by root clock pin: u2/u3/product_reg[73]/Q (HIGH)

 There are 6 register/latch pins with no clock driven by root clock pin: u2/u3/product_reg[74]/Q (HIGH)

 There are 6 register/latch pins with no clock driven by root clock pin: u2/u3/product_reg[75]/Q (HIGH)

 There are 6 register/latch pins with no clock driven by root clock pin: u2/u3/product_reg[76]/Q (HIGH)

 There are 6 register/latch pins with no clock driven by root clock pin: u2/u3/product_reg[77]/Q (HIGH)

 There are 6 register/latch pins with no clock driven by root clock pin: u2/u3/product_reg[78]/Q (HIGH)

 There are 6 register/latch pins with no clock driven by root clock pin: u2/u3/product_reg[79]/Q (HIGH)

 There are 6 register/latch pins with no clock driven by root clock pin: u2/u3/product_reg[80]/Q (HIGH)

 There are 6 register/latch pins with no clock driven by root clock pin: u2/u3/product_reg[81]/Q (HIGH)

 There are 6 register/latch pins with no clock driven by root clock pin: u2/u3/product_reg[82]/Q (HIGH)

 There are 6 register/latch pins with no clock driven by root clock pin: u2/u3/product_reg[83]/Q (HIGH)

 There are 6 register/latch pins with no clock driven by root clock pin: u2/u3/product_reg[84]/Q (HIGH)

 There are 6 register/latch pins with no clock driven by root clock pin: u2/u3/product_reg[85]/Q (HIGH)

 There are 6 register/latch pins with no clock driven by root clock pin: u2/u3/product_reg[86]/Q (HIGH)

 There are 6 register/latch pins with no clock driven by root clock pin: u2/u3/product_reg[87]/Q (HIGH)

 There are 6 register/latch pins with no clock driven by root clock pin: u2/u3/product_reg[88]/Q (HIGH)

 There are 6 register/latch pins with no clock driven by root clock pin: u2/u3/product_reg[89]/Q (HIGH)

 There are 6 register/latch pins with no clock driven by root clock pin: u2/u3/product_reg[90]/Q (HIGH)

 There are 6 register/latch pins with no clock driven by root clock pin: u2/u3/product_reg[91]/Q (HIGH)

 There are 6 register/latch pins with no clock driven by root clock pin: u2/u3/product_reg[92]/Q (HIGH)

 There are 6 register/latch pins with no clock driven by root clock pin: u2/u3/product_reg[93]/Q (HIGH)

 There are 6 register/latch pins with no clock driven by root clock pin: u2/u3/product_reg[94]/Q (HIGH)

 There are 6 register/latch pins with no clock driven by root clock pin: u2/u3/product_reg[95]/Q (HIGH)

 There are 6 register/latch pins with no clock driven by root clock pin: u2/u3/product_reg[96]/Q (HIGH)

 There are 6 register/latch pins with no clock driven by root clock pin: u2/u3/product_reg[97]/Q (HIGH)

 There are 6 register/latch pins with no clock driven by root clock pin: u2/u3/product_reg[98]/Q (HIGH)

 There are 6 register/latch pins with no clock driven by root clock pin: u2/u3/product_reg[99]/Q (HIGH)


2. checking constant_clock (0)
------------------------------
 There are 0 register/latch pins with constant_clock.


3. checking pulse_width_clock (0)
---------------------------------
 There are 0 register/latch pins which need pulse_width check


4. checking unconstrained_internal_endpoints (13961)
----------------------------------------------------
 There are 13961 pins that are not constrained for maximum delay. (HIGH)

 There are 0 pins that are not constrained for maximum delay due to constant clock.


5. checking no_input_delay (18)
-------------------------------
 There are 18 input ports with no input delay specified. (HIGH)

 There are 0 input ports with no input delay but user has a false path constraint.


6. checking no_output_delay (7)
-------------------------------
 There are 7 ports with no output delay specified. (HIGH)

 There are 0 ports with no output delay but user has a false path constraint

 There are 0 ports with no output delay but with a timing clock defined on it or propagating through it


7. checking multiple_clock (0)
------------------------------
 There are 0 register/latch pins with multiple clocks.


8. checking generated_clocks (0)
--------------------------------
 There are 0 generated clocks that are not connected to a clock source.


9. checking loops (0)
---------------------
 There are 0 combinational loops in the design.


10. checking partial_input_delay (0)
------------------------------------
 There are 0 input ports with partial input delay specified.


11. checking partial_output_delay (0)
-------------------------------------
 There are 0 ports with partial output delay specified.


12. checking latch_loops (6)
----------------------------
 There are 6 combinational latch loops in the design through latch input (HIGH)



------------------------------------------------------------------------------------------------
| Design Timing Summary
| ---------------------
------------------------------------------------------------------------------------------------

    WNS(ns)      TNS(ns)  TNS Failing Endpoints  TNS Total Endpoints      WHS(ns)      THS(ns)  THS Failing Endpoints  THS Total Endpoints     WPWS(ns)     TPWS(ns)  TPWS Failing Endpoints  TPWS Total Endpoints  
    -------      -------  ---------------------  -------------------      -------      -------  ---------------------  -------------------     --------     --------  ----------------------  --------------------  
         NA           NA                     NA                   NA           NA           NA                     NA                   NA           NA           NA                      NA                    NA  


There are no user specified timing constraints.


------------------------------------------------------------------------------------------------
| Clock Summary
| -------------
------------------------------------------------------------------------------------------------


------------------------------------------------------------------------------------------------
| Intra Clock Table
| -----------------
------------------------------------------------------------------------------------------------

Clock             WNS(ns)      TNS(ns)  TNS Failing Endpoints  TNS Total Endpoints      WHS(ns)      THS(ns)  THS Failing Endpoints  THS Total Endpoints     WPWS(ns)     TPWS(ns)  TPWS Failing Endpoints  TPWS Total Endpoints  
-----             -------      -------  ---------------------  -------------------      -------      -------  ---------------------  -------------------     --------     --------  ----------------------  --------------------  


------------------------------------------------------------------------------------------------
| Inter Clock Table
| -----------------
------------------------------------------------------------------------------------------------

From Clock    To Clock          WNS(ns)      TNS(ns)  TNS Failing Endpoints  TNS Total Endpoints      WHS(ns)      THS(ns)  THS Failing Endpoints  THS Total Endpoints  
----------    --------          -------      -------  ---------------------  -------------------      -------      -------  ---------------------  -------------------  


------------------------------------------------------------------------------------------------
| Other Path Groups Table
| -----------------------
------------------------------------------------------------------------------------------------

Path Group    From Clock    To Clock          WNS(ns)      TNS(ns)  TNS Failing Endpoints  TNS Total Endpoints      WHS(ns)      THS(ns)  THS Failing Endpoints  THS Total Endpoints  
----------    ----------    --------          -------      -------  ---------------------  -------------------      -------      -------  ---------------------  -------------------  


------------------------------------------------------------------------------------------------
| Timing Details
| --------------
------------------------------------------------------------------------------------------------


