
*** Running vivado
    with args -log GPIO_demo.vds -m64 -product Vivado -mode batch -messageDb vivado.pb -notrace -source GPIO_demo.tcl



****** Vivado v2020.1 (64-bit)
  **** SW Build 2902540 on Wed May 27 19:54:49 MDT 2020
  **** IP Build 2902112 on Wed May 27 22:43:36 MDT 2020
    ** Copyright 1986-2020 Xilinx, Inc. All Rights Reserved.

source GPIO_demo.tcl -notrace
Command: synth_design -top GPIO_demo -part xc7a35tcpg236-1
Starting synth_design
Attempting to get a license for feature 'Synthesis' and/or device 'xc7a35t'
INFO: [Common 17-349] Got license for feature 'Synthesis' and/or device 'xc7a35t'
INFO: [Device 21-403] Loading part xc7a35tcpg236-1
INFO: [Synth 8-7079] Multithreading enabled for synth_design using a maximum of 2 processes.
INFO: [Synth 8-7078] Launching helper process for spawning children vivado processes
INFO: [Synth 8-7075] Helper process launched with PID 14324
---------------------------------------------------------------------------------
Starting RTL Elaboration : Time (s): cpu = 00:00:04 ; elapsed = 00:00:05 . Memory (MB): peak = 1015.660 ; gain = 0.000
---------------------------------------------------------------------------------
INFO: [Synth 8-638] synthesizing module 'GPIO_demo' [E:/Classes/Embedded Systems/Final_Project/Embedded_System_Final_Project/GPIO/Basys-3-GPIO/src/hdl/GPIO_Demo.vhd:28]
	Parameter DEBNC_CLOCKS bound to: 65536 - type: integer 
	Parameter PORT_WIDTH bound to: 5 - type: integer 
INFO: [Synth 8-3491] module 'debouncer' declared at 'E:/Classes/Embedded Systems/Final_Project/Embedded_System_Final_Project/GPIO/Basys-3-GPIO/src/hdl/debouncer.vhd:42' bound to instance 'Inst_btn_debounce' of component 'debouncer' [E:/Classes/Embedded Systems/Final_Project/Embedded_System_Final_Project/GPIO/Basys-3-GPIO/src/hdl/GPIO_Demo.vhd:126]
INFO: [Synth 8-638] synthesizing module 'debouncer' [E:/Classes/Embedded Systems/Final_Project/Embedded_System_Final_Project/GPIO/Basys-3-GPIO/src/hdl/debouncer.vhd:50]
	Parameter DEBNC_CLOCKS bound to: 65536 - type: integer 
	Parameter PORT_WIDTH bound to: 5 - type: integer 
INFO: [Synth 8-256] done synthesizing module 'debouncer' (1#1) [E:/Classes/Embedded Systems/Final_Project/Embedded_System_Final_Project/GPIO/Basys-3-GPIO/src/hdl/debouncer.vhd:50]
INFO: [Synth 8-3491] module 'UART_TX_CTRL' declared at 'E:/Classes/Embedded Systems/Final_Project/Embedded_System_Final_Project/GPIO/Basys-3-GPIO/src/hdl/UART_TX_CTRL.vhd:42' bound to instance 'Inst_UART_TX_CTRL' of component 'UART_TX_CTRL' [E:/Classes/Embedded Systems/Final_Project/Embedded_System_Final_Project/GPIO/Basys-3-GPIO/src/hdl/GPIO_Demo.vhd:266]
INFO: [Synth 8-638] synthesizing module 'UART_TX_CTRL' [E:/Classes/Embedded Systems/Final_Project/Embedded_System_Final_Project/GPIO/Basys-3-GPIO/src/hdl/UART_TX_CTRL.vhd:50]
INFO: [Synth 8-256] done synthesizing module 'UART_TX_CTRL' (2#1) [E:/Classes/Embedded Systems/Final_Project/Embedded_System_Final_Project/GPIO/Basys-3-GPIO/src/hdl/UART_TX_CTRL.vhd:50]
INFO: [Synth 8-256] done synthesizing module 'GPIO_demo' (3#1) [E:/Classes/Embedded Systems/Final_Project/Embedded_System_Final_Project/GPIO/Basys-3-GPIO/src/hdl/GPIO_Demo.vhd:28]
---------------------------------------------------------------------------------
Finished RTL Elaboration : Time (s): cpu = 00:00:06 ; elapsed = 00:00:07 . Memory (MB): peak = 1015.660 ; gain = 0.000
---------------------------------------------------------------------------------
---------------------------------------------------------------------------------
Start Handling Custom Attributes
---------------------------------------------------------------------------------
---------------------------------------------------------------------------------
Finished Handling Custom Attributes : Time (s): cpu = 00:00:06 ; elapsed = 00:00:07 . Memory (MB): peak = 1015.660 ; gain = 0.000
---------------------------------------------------------------------------------
---------------------------------------------------------------------------------
Finished RTL Optimization Phase 1 : Time (s): cpu = 00:00:06 ; elapsed = 00:00:07 . Memory (MB): peak = 1015.660 ; gain = 0.000
---------------------------------------------------------------------------------
Netlist sorting complete. Time (s): cpu = 00:00:00 ; elapsed = 00:00:00.015 . Memory (MB): peak = 1015.660 ; gain = 0.000
INFO: [Project 1-570] Preparing netlist for logic optimization

Processing XDC Constraints
Initializing timing engine
Parsing XDC File [E:/Classes/Embedded Systems/Final_Project/Embedded_System_Final_Project/GPIO/Basys-3-GPIO/src/constraints/Basys3_Master.xdc]
WARNING: [Vivado 12-584] No ports matched 'SW[0]'. [E:/Classes/Embedded Systems/Final_Project/Embedded_System_Final_Project/GPIO/Basys-3-GPIO/src/constraints/Basys3_Master.xdc:13]
CRITICAL WARNING: [Common 17-55] 'set_property' expects at least one object. [E:/Classes/Embedded Systems/Final_Project/Embedded_System_Final_Project/GPIO/Basys-3-GPIO/src/constraints/Basys3_Master.xdc:13]
Resolution: If [get_<value>] was used to populate the object, check to make sure this command returns at least one valid object.
WARNING: [Vivado 12-584] No ports matched 'SW[0]'. [E:/Classes/Embedded Systems/Final_Project/Embedded_System_Final_Project/GPIO/Basys-3-GPIO/src/constraints/Basys3_Master.xdc:14]
CRITICAL WARNING: [Common 17-55] 'set_property' expects at least one object. [E:/Classes/Embedded Systems/Final_Project/Embedded_System_Final_Project/GPIO/Basys-3-GPIO/src/constraints/Basys3_Master.xdc:14]
Resolution: If [get_<value>] was used to populate the object, check to make sure this command returns at least one valid object.
WARNING: [Vivado 12-584] No ports matched 'SW[1]'. [E:/Classes/Embedded Systems/Final_Project/Embedded_System_Final_Project/GPIO/Basys-3-GPIO/src/constraints/Basys3_Master.xdc:15]
CRITICAL WARNING: [Common 17-55] 'set_property' expects at least one object. [E:/Classes/Embedded Systems/Final_Project/Embedded_System_Final_Project/GPIO/Basys-3-GPIO/src/constraints/Basys3_Master.xdc:15]
Resolution: If [get_<value>] was used to populate the object, check to make sure this command returns at least one valid object.
WARNING: [Vivado 12-584] No ports matched 'SW[1]'. [E:/Classes/Embedded Systems/Final_Project/Embedded_System_Final_Project/GPIO/Basys-3-GPIO/src/constraints/Basys3_Master.xdc:16]
CRITICAL WARNING: [Common 17-55] 'set_property' expects at least one object. [E:/Classes/Embedded Systems/Final_Project/Embedded_System_Final_Project/GPIO/Basys-3-GPIO/src/constraints/Basys3_Master.xdc:16]
Resolution: If [get_<value>] was used to populate the object, check to make sure this command returns at least one valid object.
WARNING: [Vivado 12-584] No ports matched 'SW[2]'. [E:/Classes/Embedded Systems/Final_Project/Embedded_System_Final_Project/GPIO/Basys-3-GPIO/src/constraints/Basys3_Master.xdc:17]
CRITICAL WARNING: [Common 17-55] 'set_property' expects at least one object. [E:/Classes/Embedded Systems/Final_Project/Embedded_System_Final_Project/GPIO/Basys-3-GPIO/src/constraints/Basys3_Master.xdc:17]
Resolution: If [get_<value>] was used to populate the object, check to make sure this command returns at least one valid object.
WARNING: [Vivado 12-584] No ports matched 'SW[2]'. [E:/Classes/Embedded Systems/Final_Project/Embedded_System_Final_Project/GPIO/Basys-3-GPIO/src/constraints/Basys3_Master.xdc:18]
CRITICAL WARNING: [Common 17-55] 'set_property' expects at least one object. [E:/Classes/Embedded Systems/Final_Project/Embedded_System_Final_Project/GPIO/Basys-3-GPIO/src/constraints/Basys3_Master.xdc:18]
Resolution: If [get_<value>] was used to populate the object, check to make sure this command returns at least one valid object.
WARNING: [Vivado 12-584] No ports matched 'SW[3]'. [E:/Classes/Embedded Systems/Final_Project/Embedded_System_Final_Project/GPIO/Basys-3-GPIO/src/constraints/Basys3_Master.xdc:19]
CRITICAL WARNING: [Common 17-55] 'set_property' expects at least one object. [E:/Classes/Embedded Systems/Final_Project/Embedded_System_Final_Project/GPIO/Basys-3-GPIO/src/constraints/Basys3_Master.xdc:19]
Resolution: If [get_<value>] was used to populate the object, check to make sure this command returns at least one valid object.
WARNING: [Vivado 12-584] No ports matched 'SW[3]'. [E:/Classes/Embedded Systems/Final_Project/Embedded_System_Final_Project/GPIO/Basys-3-GPIO/src/constraints/Basys3_Master.xdc:20]
CRITICAL WARNING: [Common 17-55] 'set_property' expects at least one object. [E:/Classes/Embedded Systems/Final_Project/Embedded_System_Final_Project/GPIO/Basys-3-GPIO/src/constraints/Basys3_Master.xdc:20]
Resolution: If [get_<value>] was used to populate the object, check to make sure this command returns at least one valid object.
WARNING: [Vivado 12-584] No ports matched 'SW[4]'. [E:/Classes/Embedded Systems/Final_Project/Embedded_System_Final_Project/GPIO/Basys-3-GPIO/src/constraints/Basys3_Master.xdc:21]
CRITICAL WARNING: [Common 17-55] 'set_property' expects at least one object. [E:/Classes/Embedded Systems/Final_Project/Embedded_System_Final_Project/GPIO/Basys-3-GPIO/src/constraints/Basys3_Master.xdc:21]
Resolution: If [get_<value>] was used to populate the object, check to make sure this command returns at least one valid object.
WARNING: [Vivado 12-584] No ports matched 'SW[4]'. [E:/Classes/Embedded Systems/Final_Project/Embedded_System_Final_Project/GPIO/Basys-3-GPIO/src/constraints/Basys3_Master.xdc:22]
CRITICAL WARNING: [Common 17-55] 'set_property' expects at least one object. [E:/Classes/Embedded Systems/Final_Project/Embedded_System_Final_Project/GPIO/Basys-3-GPIO/src/constraints/Basys3_Master.xdc:22]
Resolution: If [get_<value>] was used to populate the object, check to make sure this command returns at least one valid object.
WARNING: [Vivado 12-584] No ports matched 'SW[5]'. [E:/Classes/Embedded Systems/Final_Project/Embedded_System_Final_Project/GPIO/Basys-3-GPIO/src/constraints/Basys3_Master.xdc:23]
CRITICAL WARNING: [Common 17-55] 'set_property' expects at least one object. [E:/Classes/Embedded Systems/Final_Project/Embedded_System_Final_Project/GPIO/Basys-3-GPIO/src/constraints/Basys3_Master.xdc:23]
Resolution: If [get_<value>] was used to populate the object, check to make sure this command returns at least one valid object.
WARNING: [Vivado 12-584] No ports matched 'SW[5]'. [E:/Classes/Embedded Systems/Final_Project/Embedded_System_Final_Project/GPIO/Basys-3-GPIO/src/constraints/Basys3_Master.xdc:24]
CRITICAL WARNING: [Common 17-55] 'set_property' expects at least one object. [E:/Classes/Embedded Systems/Final_Project/Embedded_System_Final_Project/GPIO/Basys-3-GPIO/src/constraints/Basys3_Master.xdc:24]
Resolution: If [get_<value>] was used to populate the object, check to make sure this command returns at least one valid object.
WARNING: [Vivado 12-584] No ports matched 'SW[6]'. [E:/Classes/Embedded Systems/Final_Project/Embedded_System_Final_Project/GPIO/Basys-3-GPIO/src/constraints/Basys3_Master.xdc:25]
CRITICAL WARNING: [Common 17-55] 'set_property' expects at least one object. [E:/Classes/Embedded Systems/Final_Project/Embedded_System_Final_Project/GPIO/Basys-3-GPIO/src/constraints/Basys3_Master.xdc:25]
Resolution: If [get_<value>] was used to populate the object, check to make sure this command returns at least one valid object.
WARNING: [Vivado 12-584] No ports matched 'SW[6]'. [E:/Classes/Embedded Systems/Final_Project/Embedded_System_Final_Project/GPIO/Basys-3-GPIO/src/constraints/Basys3_Master.xdc:26]
CRITICAL WARNING: [Common 17-55] 'set_property' expects at least one object. [E:/Classes/Embedded Systems/Final_Project/Embedded_System_Final_Project/GPIO/Basys-3-GPIO/src/constraints/Basys3_Master.xdc:26]
Resolution: If [get_<value>] was used to populate the object, check to make sure this command returns at least one valid object.
WARNING: [Vivado 12-584] No ports matched 'SW[7]'. [E:/Classes/Embedded Systems/Final_Project/Embedded_System_Final_Project/GPIO/Basys-3-GPIO/src/constraints/Basys3_Master.xdc:27]
CRITICAL WARNING: [Common 17-55] 'set_property' expects at least one object. [E:/Classes/Embedded Systems/Final_Project/Embedded_System_Final_Project/GPIO/Basys-3-GPIO/src/constraints/Basys3_Master.xdc:27]
Resolution: If [get_<value>] was used to populate the object, check to make sure this command returns at least one valid object.
WARNING: [Vivado 12-584] No ports matched 'SW[7]'. [E:/Classes/Embedded Systems/Final_Project/Embedded_System_Final_Project/GPIO/Basys-3-GPIO/src/constraints/Basys3_Master.xdc:28]
CRITICAL WARNING: [Common 17-55] 'set_property' expects at least one object. [E:/Classes/Embedded Systems/Final_Project/Embedded_System_Final_Project/GPIO/Basys-3-GPIO/src/constraints/Basys3_Master.xdc:28]
Resolution: If [get_<value>] was used to populate the object, check to make sure this command returns at least one valid object.
WARNING: [Vivado 12-584] No ports matched 'SW[8]'. [E:/Classes/Embedded Systems/Final_Project/Embedded_System_Final_Project/GPIO/Basys-3-GPIO/src/constraints/Basys3_Master.xdc:29]
CRITICAL WARNING: [Common 17-55] 'set_property' expects at least one object. [E:/Classes/Embedded Systems/Final_Project/Embedded_System_Final_Project/GPIO/Basys-3-GPIO/src/constraints/Basys3_Master.xdc:29]
Resolution: If [get_<value>] was used to populate the object, check to make sure this command returns at least one valid object.
WARNING: [Vivado 12-584] No ports matched 'SW[8]'. [E:/Classes/Embedded Systems/Final_Project/Embedded_System_Final_Project/GPIO/Basys-3-GPIO/src/constraints/Basys3_Master.xdc:30]
CRITICAL WARNING: [Common 17-55] 'set_property' expects at least one object. [E:/Classes/Embedded Systems/Final_Project/Embedded_System_Final_Project/GPIO/Basys-3-GPIO/src/constraints/Basys3_Master.xdc:30]
Resolution: If [get_<value>] was used to populate the object, check to make sure this command returns at least one valid object.
WARNING: [Vivado 12-584] No ports matched 'SW[9]'. [E:/Classes/Embedded Systems/Final_Project/Embedded_System_Final_Project/GPIO/Basys-3-GPIO/src/constraints/Basys3_Master.xdc:31]
CRITICAL WARNING: [Common 17-55] 'set_property' expects at least one object. [E:/Classes/Embedded Systems/Final_Project/Embedded_System_Final_Project/GPIO/Basys-3-GPIO/src/constraints/Basys3_Master.xdc:31]
Resolution: If [get_<value>] was used to populate the object, check to make sure this command returns at least one valid object.
WARNING: [Vivado 12-584] No ports matched 'SW[9]'. [E:/Classes/Embedded Systems/Final_Project/Embedded_System_Final_Project/GPIO/Basys-3-GPIO/src/constraints/Basys3_Master.xdc:32]
CRITICAL WARNING: [Common 17-55] 'set_property' expects at least one object. [E:/Classes/Embedded Systems/Final_Project/Embedded_System_Final_Project/GPIO/Basys-3-GPIO/src/constraints/Basys3_Master.xdc:32]
Resolution: If [get_<value>] was used to populate the object, check to make sure this command returns at least one valid object.
WARNING: [Vivado 12-584] No ports matched 'SW[10]'. [E:/Classes/Embedded Systems/Final_Project/Embedded_System_Final_Project/GPIO/Basys-3-GPIO/src/constraints/Basys3_Master.xdc:33]
CRITICAL WARNING: [Common 17-55] 'set_property' expects at least one object. [E:/Classes/Embedded Systems/Final_Project/Embedded_System_Final_Project/GPIO/Basys-3-GPIO/src/constraints/Basys3_Master.xdc:33]
Resolution: If [get_<value>] was used to populate the object, check to make sure this command returns at least one valid object.
WARNING: [Vivado 12-584] No ports matched 'SW[10]'. [E:/Classes/Embedded Systems/Final_Project/Embedded_System_Final_Project/GPIO/Basys-3-GPIO/src/constraints/Basys3_Master.xdc:34]
CRITICAL WARNING: [Common 17-55] 'set_property' expects at least one object. [E:/Classes/Embedded Systems/Final_Project/Embedded_System_Final_Project/GPIO/Basys-3-GPIO/src/constraints/Basys3_Master.xdc:34]
Resolution: If [get_<value>] was used to populate the object, check to make sure this command returns at least one valid object.
WARNING: [Vivado 12-584] No ports matched 'SW[11]'. [E:/Classes/Embedded Systems/Final_Project/Embedded_System_Final_Project/GPIO/Basys-3-GPIO/src/constraints/Basys3_Master.xdc:35]
CRITICAL WARNING: [Common 17-55] 'set_property' expects at least one object. [E:/Classes/Embedded Systems/Final_Project/Embedded_System_Final_Project/GPIO/Basys-3-GPIO/src/constraints/Basys3_Master.xdc:35]
Resolution: If [get_<value>] was used to populate the object, check to make sure this command returns at least one valid object.
WARNING: [Vivado 12-584] No ports matched 'SW[11]'. [E:/Classes/Embedded Systems/Final_Project/Embedded_System_Final_Project/GPIO/Basys-3-GPIO/src/constraints/Basys3_Master.xdc:36]
CRITICAL WARNING: [Common 17-55] 'set_property' expects at least one object. [E:/Classes/Embedded Systems/Final_Project/Embedded_System_Final_Project/GPIO/Basys-3-GPIO/src/constraints/Basys3_Master.xdc:36]
Resolution: If [get_<value>] was used to populate the object, check to make sure this command returns at least one valid object.
WARNING: [Vivado 12-584] No ports matched 'SW[12]'. [E:/Classes/Embedded Systems/Final_Project/Embedded_System_Final_Project/GPIO/Basys-3-GPIO/src/constraints/Basys3_Master.xdc:37]
CRITICAL WARNING: [Common 17-55] 'set_property' expects at least one object. [E:/Classes/Embedded Systems/Final_Project/Embedded_System_Final_Project/GPIO/Basys-3-GPIO/src/constraints/Basys3_Master.xdc:37]
Resolution: If [get_<value>] was used to populate the object, check to make sure this command returns at least one valid object.
WARNING: [Vivado 12-584] No ports matched 'SW[12]'. [E:/Classes/Embedded Systems/Final_Project/Embedded_System_Final_Project/GPIO/Basys-3-GPIO/src/constraints/Basys3_Master.xdc:38]
CRITICAL WARNING: [Common 17-55] 'set_property' expects at least one object. [E:/Classes/Embedded Systems/Final_Project/Embedded_System_Final_Project/GPIO/Basys-3-GPIO/src/constraints/Basys3_Master.xdc:38]
Resolution: If [get_<value>] was used to populate the object, check to make sure this command returns at least one valid object.
WARNING: [Vivado 12-584] No ports matched 'SW[13]'. [E:/Classes/Embedded Systems/Final_Project/Embedded_System_Final_Project/GPIO/Basys-3-GPIO/src/constraints/Basys3_Master.xdc:39]
CRITICAL WARNING: [Common 17-55] 'set_property' expects at least one object. [E:/Classes/Embedded Systems/Final_Project/Embedded_System_Final_Project/GPIO/Basys-3-GPIO/src/constraints/Basys3_Master.xdc:39]
Resolution: If [get_<value>] was used to populate the object, check to make sure this command returns at least one valid object.
WARNING: [Vivado 12-584] No ports matched 'SW[13]'. [E:/Classes/Embedded Systems/Final_Project/Embedded_System_Final_Project/GPIO/Basys-3-GPIO/src/constraints/Basys3_Master.xdc:40]
CRITICAL WARNING: [Common 17-55] 'set_property' expects at least one object. [E:/Classes/Embedded Systems/Final_Project/Embedded_System_Final_Project/GPIO/Basys-3-GPIO/src/constraints/Basys3_Master.xdc:40]
Resolution: If [get_<value>] was used to populate the object, check to make sure this command returns at least one valid object.
WARNING: [Vivado 12-584] No ports matched 'SW[14]'. [E:/Classes/Embedded Systems/Final_Project/Embedded_System_Final_Project/GPIO/Basys-3-GPIO/src/constraints/Basys3_Master.xdc:41]
CRITICAL WARNING: [Common 17-55] 'set_property' expects at least one object. [E:/Classes/Embedded Systems/Final_Project/Embedded_System_Final_Project/GPIO/Basys-3-GPIO/src/constraints/Basys3_Master.xdc:41]
Resolution: If [get_<value>] was used to populate the object, check to make sure this command returns at least one valid object.
WARNING: [Vivado 12-584] No ports matched 'SW[14]'. [E:/Classes/Embedded Systems/Final_Project/Embedded_System_Final_Project/GPIO/Basys-3-GPIO/src/constraints/Basys3_Master.xdc:42]
CRITICAL WARNING: [Common 17-55] 'set_property' expects at least one object. [E:/Classes/Embedded Systems/Final_Project/Embedded_System_Final_Project/GPIO/Basys-3-GPIO/src/constraints/Basys3_Master.xdc:42]
Resolution: If [get_<value>] was used to populate the object, check to make sure this command returns at least one valid object.
WARNING: [Vivado 12-584] No ports matched 'SW[15]'. [E:/Classes/Embedded Systems/Final_Project/Embedded_System_Final_Project/GPIO/Basys-3-GPIO/src/constraints/Basys3_Master.xdc:43]
CRITICAL WARNING: [Common 17-55] 'set_property' expects at least one object. [E:/Classes/Embedded Systems/Final_Project/Embedded_System_Final_Project/GPIO/Basys-3-GPIO/src/constraints/Basys3_Master.xdc:43]
Resolution: If [get_<value>] was used to populate the object, check to make sure this command returns at least one valid object.
WARNING: [Vivado 12-584] No ports matched 'SW[15]'. [E:/Classes/Embedded Systems/Final_Project/Embedded_System_Final_Project/GPIO/Basys-3-GPIO/src/constraints/Basys3_Master.xdc:44]
CRITICAL WARNING: [Common 17-55] 'set_property' expects at least one object. [E:/Classes/Embedded Systems/Final_Project/Embedded_System_Final_Project/GPIO/Basys-3-GPIO/src/constraints/Basys3_Master.xdc:44]
Resolution: If [get_<value>] was used to populate the object, check to make sure this command returns at least one valid object.
WARNING: [Vivado 12-584] No ports matched 'LED[0]'. [E:/Classes/Embedded Systems/Final_Project/Embedded_System_Final_Project/GPIO/Basys-3-GPIO/src/constraints/Basys3_Master.xdc:48]
CRITICAL WARNING: [Common 17-55] 'set_property' expects at least one object. [E:/Classes/Embedded Systems/Final_Project/Embedded_System_Final_Project/GPIO/Basys-3-GPIO/src/constraints/Basys3_Master.xdc:48]
Resolution: If [get_<value>] was used to populate the object, check to make sure this command returns at least one valid object.
WARNING: [Vivado 12-584] No ports matched 'LED[0]'. [E:/Classes/Embedded Systems/Final_Project/Embedded_System_Final_Project/GPIO/Basys-3-GPIO/src/constraints/Basys3_Master.xdc:49]
CRITICAL WARNING: [Common 17-55] 'set_property' expects at least one object. [E:/Classes/Embedded Systems/Final_Project/Embedded_System_Final_Project/GPIO/Basys-3-GPIO/src/constraints/Basys3_Master.xdc:49]
Resolution: If [get_<value>] was used to populate the object, check to make sure this command returns at least one valid object.
WARNING: [Vivado 12-584] No ports matched 'LED[1]'. [E:/Classes/Embedded Systems/Final_Project/Embedded_System_Final_Project/GPIO/Basys-3-GPIO/src/constraints/Basys3_Master.xdc:50]
CRITICAL WARNING: [Common 17-55] 'set_property' expects at least one object. [E:/Classes/Embedded Systems/Final_Project/Embedded_System_Final_Project/GPIO/Basys-3-GPIO/src/constraints/Basys3_Master.xdc:50]
Resolution: If [get_<value>] was used to populate the object, check to make sure this command returns at least one valid object.
WARNING: [Vivado 12-584] No ports matched 'LED[1]'. [E:/Classes/Embedded Systems/Final_Project/Embedded_System_Final_Project/GPIO/Basys-3-GPIO/src/constraints/Basys3_Master.xdc:51]
CRITICAL WARNING: [Common 17-55] 'set_property' expects at least one object. [E:/Classes/Embedded Systems/Final_Project/Embedded_System_Final_Project/GPIO/Basys-3-GPIO/src/constraints/Basys3_Master.xdc:51]
Resolution: If [get_<value>] was used to populate the object, check to make sure this command returns at least one valid object.
WARNING: [Vivado 12-584] No ports matched 'LED[2]'. [E:/Classes/Embedded Systems/Final_Project/Embedded_System_Final_Project/GPIO/Basys-3-GPIO/src/constraints/Basys3_Master.xdc:52]
CRITICAL WARNING: [Common 17-55] 'set_property' expects at least one object. [E:/Classes/Embedded Systems/Final_Project/Embedded_System_Final_Project/GPIO/Basys-3-GPIO/src/constraints/Basys3_Master.xdc:52]
Resolution: If [get_<value>] was used to populate the object, check to make sure this command returns at least one valid object.
WARNING: [Vivado 12-584] No ports matched 'LED[2]'. [E:/Classes/Embedded Systems/Final_Project/Embedded_System_Final_Project/GPIO/Basys-3-GPIO/src/constraints/Basys3_Master.xdc:53]
CRITICAL WARNING: [Common 17-55] 'set_property' expects at least one object. [E:/Classes/Embedded Systems/Final_Project/Embedded_System_Final_Project/GPIO/Basys-3-GPIO/src/constraints/Basys3_Master.xdc:53]
Resolution: If [get_<value>] was used to populate the object, check to make sure this command returns at least one valid object.
WARNING: [Vivado 12-584] No ports matched 'LED[3]'. [E:/Classes/Embedded Systems/Final_Project/Embedded_System_Final_Project/GPIO/Basys-3-GPIO/src/constraints/Basys3_Master.xdc:54]
CRITICAL WARNING: [Common 17-55] 'set_property' expects at least one object. [E:/Classes/Embedded Systems/Final_Project/Embedded_System_Final_Project/GPIO/Basys-3-GPIO/src/constraints/Basys3_Master.xdc:54]
Resolution: If [get_<value>] was used to populate the object, check to make sure this command returns at least one valid object.
WARNING: [Vivado 12-584] No ports matched 'LED[3]'. [E:/Classes/Embedded Systems/Final_Project/Embedded_System_Final_Project/GPIO/Basys-3-GPIO/src/constraints/Basys3_Master.xdc:55]
CRITICAL WARNING: [Common 17-55] 'set_property' expects at least one object. [E:/Classes/Embedded Systems/Final_Project/Embedded_System_Final_Project/GPIO/Basys-3-GPIO/src/constraints/Basys3_Master.xdc:55]
Resolution: If [get_<value>] was used to populate the object, check to make sure this command returns at least one valid object.
WARNING: [Vivado 12-584] No ports matched 'LED[4]'. [E:/Classes/Embedded Systems/Final_Project/Embedded_System_Final_Project/GPIO/Basys-3-GPIO/src/constraints/Basys3_Master.xdc:56]
CRITICAL WARNING: [Common 17-55] 'set_property' expects at least one object. [E:/Classes/Embedded Systems/Final_Project/Embedded_System_Final_Project/GPIO/Basys-3-GPIO/src/constraints/Basys3_Master.xdc:56]
Resolution: If [get_<value>] was used to populate the object, check to make sure this command returns at least one valid object.
WARNING: [Vivado 12-584] No ports matched 'LED[4]'. [E:/Classes/Embedded Systems/Final_Project/Embedded_System_Final_Project/GPIO/Basys-3-GPIO/src/constraints/Basys3_Master.xdc:57]
CRITICAL WARNING: [Common 17-55] 'set_property' expects at least one object. [E:/Classes/Embedded Systems/Final_Project/Embedded_System_Final_Project/GPIO/Basys-3-GPIO/src/constraints/Basys3_Master.xdc:57]
Resolution: If [get_<value>] was used to populate the object, check to make sure this command returns at least one valid object.
WARNING: [Vivado 12-584] No ports matched 'LED[5]'. [E:/Classes/Embedded Systems/Final_Project/Embedded_System_Final_Project/GPIO/Basys-3-GPIO/src/constraints/Basys3_Master.xdc:58]
CRITICAL WARNING: [Common 17-55] 'set_property' expects at least one object. [E:/Classes/Embedded Systems/Final_Project/Embedded_System_Final_Project/GPIO/Basys-3-GPIO/src/constraints/Basys3_Master.xdc:58]
Resolution: If [get_<value>] was used to populate the object, check to make sure this command returns at least one valid object.
WARNING: [Vivado 12-584] No ports matched 'LED[5]'. [E:/Classes/Embedded Systems/Final_Project/Embedded_System_Final_Project/GPIO/Basys-3-GPIO/src/constraints/Basys3_Master.xdc:59]
CRITICAL WARNING: [Common 17-55] 'set_property' expects at least one object. [E:/Classes/Embedded Systems/Final_Project/Embedded_System_Final_Project/GPIO/Basys-3-GPIO/src/constraints/Basys3_Master.xdc:59]
Resolution: If [get_<value>] was used to populate the object, check to make sure this command returns at least one valid object.
WARNING: [Vivado 12-584] No ports matched 'LED[6]'. [E:/Classes/Embedded Systems/Final_Project/Embedded_System_Final_Project/GPIO/Basys-3-GPIO/src/constraints/Basys3_Master.xdc:60]
CRITICAL WARNING: [Common 17-55] 'set_property' expects at least one object. [E:/Classes/Embedded Systems/Final_Project/Embedded_System_Final_Project/GPIO/Basys-3-GPIO/src/constraints/Basys3_Master.xdc:60]
Resolution: If [get_<value>] was used to populate the object, check to make sure this command returns at least one valid object.
WARNING: [Vivado 12-584] No ports matched 'LED[6]'. [E:/Classes/Embedded Systems/Final_Project/Embedded_System_Final_Project/GPIO/Basys-3-GPIO/src/constraints/Basys3_Master.xdc:61]
CRITICAL WARNING: [Common 17-55] 'set_property' expects at least one object. [E:/Classes/Embedded Systems/Final_Project/Embedded_System_Final_Project/GPIO/Basys-3-GPIO/src/constraints/Basys3_Master.xdc:61]
Resolution: If [get_<value>] was used to populate the object, check to make sure this command returns at least one valid object.
WARNING: [Vivado 12-584] No ports matched 'LED[7]'. [E:/Classes/Embedded Systems/Final_Project/Embedded_System_Final_Project/GPIO/Basys-3-GPIO/src/constraints/Basys3_Master.xdc:62]
CRITICAL WARNING: [Common 17-55] 'set_property' expects at least one object. [E:/Classes/Embedded Systems/Final_Project/Embedded_System_Final_Project/GPIO/Basys-3-GPIO/src/constraints/Basys3_Master.xdc:62]
Resolution: If [get_<value>] was used to populate the object, check to make sure this command returns at least one valid object.
WARNING: [Vivado 12-584] No ports matched 'LED[7]'. [E:/Classes/Embedded Systems/Final_Project/Embedded_System_Final_Project/GPIO/Basys-3-GPIO/src/constraints/Basys3_Master.xdc:63]
CRITICAL WARNING: [Common 17-55] 'set_property' expects at least one object. [E:/Classes/Embedded Systems/Final_Project/Embedded_System_Final_Project/GPIO/Basys-3-GPIO/src/constraints/Basys3_Master.xdc:63]
Resolution: If [get_<value>] was used to populate the object, check to make sure this command returns at least one valid object.
WARNING: [Vivado 12-584] No ports matched 'LED[8]'. [E:/Classes/Embedded Systems/Final_Project/Embedded_System_Final_Project/GPIO/Basys-3-GPIO/src/constraints/Basys3_Master.xdc:64]
CRITICAL WARNING: [Common 17-55] 'set_property' expects at least one object. [E:/Classes/Embedded Systems/Final_Project/Embedded_System_Final_Project/GPIO/Basys-3-GPIO/src/constraints/Basys3_Master.xdc:64]
Resolution: If [get_<value>] was used to populate the object, check to make sure this command returns at least one valid object.
WARNING: [Vivado 12-584] No ports matched 'LED[8]'. [E:/Classes/Embedded Systems/Final_Project/Embedded_System_Final_Project/GPIO/Basys-3-GPIO/src/constraints/Basys3_Master.xdc:65]
CRITICAL WARNING: [Common 17-55] 'set_property' expects at least one object. [E:/Classes/Embedded Systems/Final_Project/Embedded_System_Final_Project/GPIO/Basys-3-GPIO/src/constraints/Basys3_Master.xdc:65]
Resolution: If [get_<value>] was used to populate the object, check to make sure this command returns at least one valid object.
WARNING: [Vivado 12-584] No ports matched 'LED[9]'. [E:/Classes/Embedded Systems/Final_Project/Embedded_System_Final_Project/GPIO/Basys-3-GPIO/src/constraints/Basys3_Master.xdc:66]
CRITICAL WARNING: [Common 17-55] 'set_property' expects at least one object. [E:/Classes/Embedded Systems/Final_Project/Embedded_System_Final_Project/GPIO/Basys-3-GPIO/src/constraints/Basys3_Master.xdc:66]
Resolution: If [get_<value>] was used to populate the object, check to make sure this command returns at least one valid object.
WARNING: [Vivado 12-584] No ports matched 'LED[9]'. [E:/Classes/Embedded Systems/Final_Project/Embedded_System_Final_Project/GPIO/Basys-3-GPIO/src/constraints/Basys3_Master.xdc:67]
CRITICAL WARNING: [Common 17-55] 'set_property' expects at least one object. [E:/Classes/Embedded Systems/Final_Project/Embedded_System_Final_Project/GPIO/Basys-3-GPIO/src/constraints/Basys3_Master.xdc:67]
Resolution: If [get_<value>] was used to populate the object, check to make sure this command returns at least one valid object.
WARNING: [Vivado 12-584] No ports matched 'LED[10]'. [E:/Classes/Embedded Systems/Final_Project/Embedded_System_Final_Project/GPIO/Basys-3-GPIO/src/constraints/Basys3_Master.xdc:68]
CRITICAL WARNING: [Common 17-55] 'set_property' expects at least one object. [E:/Classes/Embedded Systems/Final_Project/Embedded_System_Final_Project/GPIO/Basys-3-GPIO/src/constraints/Basys3_Master.xdc:68]
Resolution: If [get_<value>] was used to populate the object, check to make sure this command returns at least one valid object.
WARNING: [Vivado 12-584] No ports matched 'LED[10]'. [E:/Classes/Embedded Systems/Final_Project/Embedded_System_Final_Project/GPIO/Basys-3-GPIO/src/constraints/Basys3_Master.xdc:69]
CRITICAL WARNING: [Common 17-55] 'set_property' expects at least one object. [E:/Classes/Embedded Systems/Final_Project/Embedded_System_Final_Project/GPIO/Basys-3-GPIO/src/constraints/Basys3_Master.xdc:69]
Resolution: If [get_<value>] was used to populate the object, check to make sure this command returns at least one valid object.
WARNING: [Vivado 12-584] No ports matched 'LED[11]'. [E:/Classes/Embedded Systems/Final_Project/Embedded_System_Final_Project/GPIO/Basys-3-GPIO/src/constraints/Basys3_Master.xdc:70]
CRITICAL WARNING: [Common 17-55] 'set_property' expects at least one object. [E:/Classes/Embedded Systems/Final_Project/Embedded_System_Final_Project/GPIO/Basys-3-GPIO/src/constraints/Basys3_Master.xdc:70]
Resolution: If [get_<value>] was used to populate the object, check to make sure this command returns at least one valid object.
WARNING: [Vivado 12-584] No ports matched 'LED[11]'. [E:/Classes/Embedded Systems/Final_Project/Embedded_System_Final_Project/GPIO/Basys-3-GPIO/src/constraints/Basys3_Master.xdc:71]
CRITICAL WARNING: [Common 17-55] 'set_property' expects at least one object. [E:/Classes/Embedded Systems/Final_Project/Embedded_System_Final_Project/GPIO/Basys-3-GPIO/src/constraints/Basys3_Master.xdc:71]
Resolution: If [get_<value>] was used to populate the object, check to make sure this command returns at least one valid object.
WARNING: [Vivado 12-584] No ports matched 'LED[12]'. [E:/Classes/Embedded Systems/Final_Project/Embedded_System_Final_Project/GPIO/Basys-3-GPIO/src/constraints/Basys3_Master.xdc:72]
CRITICAL WARNING: [Common 17-55] 'set_property' expects at least one object. [E:/Classes/Embedded Systems/Final_Project/Embedded_System_Final_Project/GPIO/Basys-3-GPIO/src/constraints/Basys3_Master.xdc:72]
Resolution: If [get_<value>] was used to populate the object, check to make sure this command returns at least one valid object.
WARNING: [Vivado 12-584] No ports matched 'LED[12]'. [E:/Classes/Embedded Systems/Final_Project/Embedded_System_Final_Project/GPIO/Basys-3-GPIO/src/constraints/Basys3_Master.xdc:73]
CRITICAL WARNING: [Common 17-55] 'set_property' expects at least one object. [E:/Classes/Embedded Systems/Final_Project/Embedded_System_Final_Project/GPIO/Basys-3-GPIO/src/constraints/Basys3_Master.xdc:73]
Resolution: If [get_<value>] was used to populate the object, check to make sure this command returns at least one valid object.
WARNING: [Vivado 12-584] No ports matched 'LED[13]'. [E:/Classes/Embedded Systems/Final_Project/Embedded_System_Final_Project/GPIO/Basys-3-GPIO/src/constraints/Basys3_Master.xdc:74]
CRITICAL WARNING: [Common 17-55] 'set_property' expects at least one object. [E:/Classes/Embedded Systems/Final_Project/Embedded_System_Final_Project/GPIO/Basys-3-GPIO/src/constraints/Basys3_Master.xdc:74]
Resolution: If [get_<value>] was used to populate the object, check to make sure this command returns at least one valid object.
WARNING: [Vivado 12-584] No ports matched 'LED[13]'. [E:/Classes/Embedded Systems/Final_Project/Embedded_System_Final_Project/GPIO/Basys-3-GPIO/src/constraints/Basys3_Master.xdc:75]
CRITICAL WARNING: [Common 17-55] 'set_property' expects at least one object. [E:/Classes/Embedded Systems/Final_Project/Embedded_System_Final_Project/GPIO/Basys-3-GPIO/src/constraints/Basys3_Master.xdc:75]
Resolution: If [get_<value>] was used to populate the object, check to make sure this command returns at least one valid object.
WARNING: [Vivado 12-584] No ports matched 'LED[14]'. [E:/Classes/Embedded Systems/Final_Project/Embedded_System_Final_Project/GPIO/Basys-3-GPIO/src/constraints/Basys3_Master.xdc:76]
CRITICAL WARNING: [Common 17-55] 'set_property' expects at least one object. [E:/Classes/Embedded Systems/Final_Project/Embedded_System_Final_Project/GPIO/Basys-3-GPIO/src/constraints/Basys3_Master.xdc:76]
Resolution: If [get_<value>] was used to populate the object, check to make sure this command returns at least one valid object.
WARNING: [Vivado 12-584] No ports matched 'LED[14]'. [E:/Classes/Embedded Systems/Final_Project/Embedded_System_Final_Project/GPIO/Basys-3-GPIO/src/constraints/Basys3_Master.xdc:77]
CRITICAL WARNING: [Common 17-55] 'set_property' expects at least one object. [E:/Classes/Embedded Systems/Final_Project/Embedded_System_Final_Project/GPIO/Basys-3-GPIO/src/constraints/Basys3_Master.xdc:77]
Resolution: If [get_<value>] was used to populate the object, check to make sure this command returns at least one valid object.
WARNING: [Vivado 12-584] No ports matched 'LED[15]'. [E:/Classes/Embedded Systems/Final_Project/Embedded_System_Final_Project/GPIO/Basys-3-GPIO/src/constraints/Basys3_Master.xdc:78]
CRITICAL WARNING: [Common 17-55] 'set_property' expects at least one object. [E:/Classes/Embedded Systems/Final_Project/Embedded_System_Final_Project/GPIO/Basys-3-GPIO/src/constraints/Basys3_Master.xdc:78]
Resolution: If [get_<value>] was used to populate the object, check to make sure this command returns at least one valid object.
WARNING: [Vivado 12-584] No ports matched 'LED[15]'. [E:/Classes/Embedded Systems/Final_Project/Embedded_System_Final_Project/GPIO/Basys-3-GPIO/src/constraints/Basys3_Master.xdc:79]
CRITICAL WARNING: [Common 17-55] 'set_property' expects at least one object. [E:/Classes/Embedded Systems/Final_Project/Embedded_System_Final_Project/GPIO/Basys-3-GPIO/src/constraints/Basys3_Master.xdc:79]
Resolution: If [get_<value>] was used to populate the object, check to make sure this command returns at least one valid object.
WARNING: [Vivado 12-584] No ports matched 'SSEG_CA[0]'. [E:/Classes/Embedded Systems/Final_Project/Embedded_System_Final_Project/GPIO/Basys-3-GPIO/src/constraints/Basys3_Master.xdc:84]
CRITICAL WARNING: [Common 17-55] 'set_property' expects at least one object. [E:/Classes/Embedded Systems/Final_Project/Embedded_System_Final_Project/GPIO/Basys-3-GPIO/src/constraints/Basys3_Master.xdc:84]
Resolution: If [get_<value>] was used to populate the object, check to make sure this command returns at least one valid object.
WARNING: [Vivado 12-584] No ports matched 'SSEG_CA[0]'. [E:/Classes/Embedded Systems/Final_Project/Embedded_System_Final_Project/GPIO/Basys-3-GPIO/src/constraints/Basys3_Master.xdc:85]
CRITICAL WARNING: [Common 17-55] 'set_property' expects at least one object. [E:/Classes/Embedded Systems/Final_Project/Embedded_System_Final_Project/GPIO/Basys-3-GPIO/src/constraints/Basys3_Master.xdc:85]
Resolution: If [get_<value>] was used to populate the object, check to make sure this command returns at least one valid object.
WARNING: [Vivado 12-584] No ports matched 'SSEG_CA[1]'. [E:/Classes/Embedded Systems/Final_Project/Embedded_System_Final_Project/GPIO/Basys-3-GPIO/src/constraints/Basys3_Master.xdc:87]
CRITICAL WARNING: [Common 17-55] 'set_property' expects at least one object. [E:/Classes/Embedded Systems/Final_Project/Embedded_System_Final_Project/GPIO/Basys-3-GPIO/src/constraints/Basys3_Master.xdc:87]
Resolution: If [get_<value>] was used to populate the object, check to make sure this command returns at least one valid object.
WARNING: [Vivado 12-584] No ports matched 'SSEG_CA[1]'. [E:/Classes/Embedded Systems/Final_Project/Embedded_System_Final_Project/GPIO/Basys-3-GPIO/src/constraints/Basys3_Master.xdc:88]
CRITICAL WARNING: [Common 17-55] 'set_property' expects at least one object. [E:/Classes/Embedded Systems/Final_Project/Embedded_System_Final_Project/GPIO/Basys-3-GPIO/src/constraints/Basys3_Master.xdc:88]
Resolution: If [get_<value>] was used to populate the object, check to make sure this command returns at least one valid object.
WARNING: [Vivado 12-584] No ports matched 'SSEG_CA[2]'. [E:/Classes/Embedded Systems/Final_Project/Embedded_System_Final_Project/GPIO/Basys-3-GPIO/src/constraints/Basys3_Master.xdc:90]
CRITICAL WARNING: [Common 17-55] 'set_property' expects at least one object. [E:/Classes/Embedded Systems/Final_Project/Embedded_System_Final_Project/GPIO/Basys-3-GPIO/src/constraints/Basys3_Master.xdc:90]
Resolution: If [get_<value>] was used to populate the object, check to make sure this command returns at least one valid object.
WARNING: [Vivado 12-584] No ports matched 'SSEG_CA[2]'. [E:/Classes/Embedded Systems/Final_Project/Embedded_System_Final_Project/GPIO/Basys-3-GPIO/src/constraints/Basys3_Master.xdc:91]
CRITICAL WARNING: [Common 17-55] 'set_property' expects at least one object. [E:/Classes/Embedded Systems/Final_Project/Embedded_System_Final_Project/GPIO/Basys-3-GPIO/src/constraints/Basys3_Master.xdc:91]
Resolution: If [get_<value>] was used to populate the object, check to make sure this command returns at least one valid object.
WARNING: [Vivado 12-584] No ports matched 'SSEG_CA[3]'. [E:/Classes/Embedded Systems/Final_Project/Embedded_System_Final_Project/GPIO/Basys-3-GPIO/src/constraints/Basys3_Master.xdc:93]
CRITICAL WARNING: [Common 17-55] 'set_property' expects at least one object. [E:/Classes/Embedded Systems/Final_Project/Embedded_System_Final_Project/GPIO/Basys-3-GPIO/src/constraints/Basys3_Master.xdc:93]
Resolution: If [get_<value>] was used to populate the object, check to make sure this command returns at least one valid object.
WARNING: [Vivado 12-584] No ports matched 'SSEG_CA[3]'. [E:/Classes/Embedded Systems/Final_Project/Embedded_System_Final_Project/GPIO/Basys-3-GPIO/src/constraints/Basys3_Master.xdc:94]
CRITICAL WARNING: [Common 17-55] 'set_property' expects at least one object. [E:/Classes/Embedded Systems/Final_Project/Embedded_System_Final_Project/GPIO/Basys-3-GPIO/src/constraints/Basys3_Master.xdc:94]
Resolution: If [get_<value>] was used to populate the object, check to make sure this command returns at least one valid object.
WARNING: [Vivado 12-584] No ports matched 'SSEG_CA[4]'. [E:/Classes/Embedded Systems/Final_Project/Embedded_System_Final_Project/GPIO/Basys-3-GPIO/src/constraints/Basys3_Master.xdc:96]
CRITICAL WARNING: [Common 17-55] 'set_property' expects at least one object. [E:/Classes/Embedded Systems/Final_Project/Embedded_System_Final_Project/GPIO/Basys-3-GPIO/src/constraints/Basys3_Master.xdc:96]
Resolution: If [get_<value>] was used to populate the object, check to make sure this command returns at least one valid object.
WARNING: [Vivado 12-584] No ports matched 'SSEG_CA[4]'. [E:/Classes/Embedded Systems/Final_Project/Embedded_System_Final_Project/GPIO/Basys-3-GPIO/src/constraints/Basys3_Master.xdc:97]
CRITICAL WARNING: [Common 17-55] 'set_property' expects at least one object. [E:/Classes/Embedded Systems/Final_Project/Embedded_System_Final_Project/GPIO/Basys-3-GPIO/src/constraints/Basys3_Master.xdc:97]
Resolution: If [get_<value>] was used to populate the object, check to make sure this command returns at least one valid object.
WARNING: [Vivado 12-584] No ports matched 'SSEG_CA[5]'. [E:/Classes/Embedded Systems/Final_Project/Embedded_System_Final_Project/GPIO/Basys-3-GPIO/src/constraints/Basys3_Master.xdc:99]
CRITICAL WARNING: [Common 17-55] 'set_property' expects at least one object. [E:/Classes/Embedded Systems/Final_Project/Embedded_System_Final_Project/GPIO/Basys-3-GPIO/src/constraints/Basys3_Master.xdc:99]
Resolution: If [get_<value>] was used to populate the object, check to make sure this command returns at least one valid object.
WARNING: [Vivado 12-584] No ports matched 'SSEG_CA[5]'. [E:/Classes/Embedded Systems/Final_Project/Embedded_System_Final_Project/GPIO/Basys-3-GPIO/src/constraints/Basys3_Master.xdc:100]
CRITICAL WARNING: [Common 17-55] 'set_property' expects at least one object. [E:/Classes/Embedded Systems/Final_Project/Embedded_System_Final_Project/GPIO/Basys-3-GPIO/src/constraints/Basys3_Master.xdc:100]
Resolution: If [get_<value>] was used to populate the object, check to make sure this command returns at least one valid object.
WARNING: [Vivado 12-584] No ports matched 'SSEG_CA[6]'. [E:/Classes/Embedded Systems/Final_Project/Embedded_System_Final_Project/GPIO/Basys-3-GPIO/src/constraints/Basys3_Master.xdc:102]
CRITICAL WARNING: [Common 17-55] 'set_property' expects at least one object. [E:/Classes/Embedded Systems/Final_Project/Embedded_System_Final_Project/GPIO/Basys-3-GPIO/src/constraints/Basys3_Master.xdc:102]
Resolution: If [get_<value>] was used to populate the object, check to make sure this command returns at least one valid object.
WARNING: [Vivado 12-584] No ports matched 'SSEG_CA[6]'. [E:/Classes/Embedded Systems/Final_Project/Embedded_System_Final_Project/GPIO/Basys-3-GPIO/src/constraints/Basys3_Master.xdc:103]
CRITICAL WARNING: [Common 17-55] 'set_property' expects at least one object. [E:/Classes/Embedded Systems/Final_Project/Embedded_System_Final_Project/GPIO/Basys-3-GPIO/src/constraints/Basys3_Master.xdc:103]
Resolution: If [get_<value>] was used to populate the object, check to make sure this command returns at least one valid object.
WARNING: [Vivado 12-584] No ports matched 'SSEG_CA[7]'. [E:/Classes/Embedded Systems/Final_Project/Embedded_System_Final_Project/GPIO/Basys-3-GPIO/src/constraints/Basys3_Master.xdc:106]
CRITICAL WARNING: [Common 17-55] 'set_property' expects at least one object. [E:/Classes/Embedded Systems/Final_Project/Embedded_System_Final_Project/GPIO/Basys-3-GPIO/src/constraints/Basys3_Master.xdc:106]
Resolution: If [get_<value>] was used to populate the object, check to make sure this command returns at least one valid object.
WARNING: [Vivado 12-584] No ports matched 'SSEG_CA[7]'. [E:/Classes/Embedded Systems/Final_Project/Embedded_System_Final_Project/GPIO/Basys-3-GPIO/src/constraints/Basys3_Master.xdc:107]
CRITICAL WARNING: [Common 17-55] 'set_property' expects at least one object. [E:/Classes/Embedded Systems/Final_Project/Embedded_System_Final_Project/GPIO/Basys-3-GPIO/src/constraints/Basys3_Master.xdc:107]
Resolution: If [get_<value>] was used to populate the object, check to make sure this command returns at least one valid object.
WARNING: [Vivado 12-584] No ports matched 'SSEG_AN[0]'. [E:/Classes/Embedded Systems/Final_Project/Embedded_System_Final_Project/GPIO/Basys-3-GPIO/src/constraints/Basys3_Master.xdc:110]
CRITICAL WARNING: [Common 17-55] 'set_property' expects at least one object. [E:/Classes/Embedded Systems/Final_Project/Embedded_System_Final_Project/GPIO/Basys-3-GPIO/src/constraints/Basys3_Master.xdc:110]
Resolution: If [get_<value>] was used to populate the object, check to make sure this command returns at least one valid object.
WARNING: [Vivado 12-584] No ports matched 'SSEG_AN[0]'. [E:/Classes/Embedded Systems/Final_Project/Embedded_System_Final_Project/GPIO/Basys-3-GPIO/src/constraints/Basys3_Master.xdc:111]
CRITICAL WARNING: [Common 17-55] 'set_property' expects at least one object. [E:/Classes/Embedded Systems/Final_Project/Embedded_System_Final_Project/GPIO/Basys-3-GPIO/src/constraints/Basys3_Master.xdc:111]
Resolution: If [get_<value>] was used to populate the object, check to make sure this command returns at least one valid object.
WARNING: [Vivado 12-584] No ports matched 'SSEG_AN[1]'. [E:/Classes/Embedded Systems/Final_Project/Embedded_System_Final_Project/GPIO/Basys-3-GPIO/src/constraints/Basys3_Master.xdc:113]
CRITICAL WARNING: [Common 17-55] 'set_property' expects at least one object. [E:/Classes/Embedded Systems/Final_Project/Embedded_System_Final_Project/GPIO/Basys-3-GPIO/src/constraints/Basys3_Master.xdc:113]
Resolution: If [get_<value>] was used to populate the object, check to make sure this command returns at least one valid object.
WARNING: [Vivado 12-584] No ports matched 'SSEG_AN[1]'. [E:/Classes/Embedded Systems/Final_Project/Embedded_System_Final_Project/GPIO/Basys-3-GPIO/src/constraints/Basys3_Master.xdc:114]
CRITICAL WARNING: [Common 17-55] 'set_property' expects at least one object. [E:/Classes/Embedded Systems/Final_Project/Embedded_System_Final_Project/GPIO/Basys-3-GPIO/src/constraints/Basys3_Master.xdc:114]
Resolution: If [get_<value>] was used to populate the object, check to make sure this command returns at least one valid object.
WARNING: [Vivado 12-584] No ports matched 'SSEG_AN[2]'. [E:/Classes/Embedded Systems/Final_Project/Embedded_System_Final_Project/GPIO/Basys-3-GPIO/src/constraints/Basys3_Master.xdc:116]
CRITICAL WARNING: [Common 17-55] 'set_property' expects at least one object. [E:/Classes/Embedded Systems/Final_Project/Embedded_System_Final_Project/GPIO/Basys-3-GPIO/src/constraints/Basys3_Master.xdc:116]
Resolution: If [get_<value>] was used to populate the object, check to make sure this command returns at least one valid object.
WARNING: [Vivado 12-584] No ports matched 'SSEG_AN[2]'. [E:/Classes/Embedded Systems/Final_Project/Embedded_System_Final_Project/GPIO/Basys-3-GPIO/src/constraints/Basys3_Master.xdc:117]
CRITICAL WARNING: [Common 17-55] 'set_property' expects at least one object. [E:/Classes/Embedded Systems/Final_Project/Embedded_System_Final_Project/GPIO/Basys-3-GPIO/src/constraints/Basys3_Master.xdc:117]
Resolution: If [get_<value>] was used to populate the object, check to make sure this command returns at least one valid object.
WARNING: [Vivado 12-584] No ports matched 'SSEG_AN[3]'. [E:/Classes/Embedded Systems/Final_Project/Embedded_System_Final_Project/GPIO/Basys-3-GPIO/src/constraints/Basys3_Master.xdc:119]
CRITICAL WARNING: [Common 17-55] 'set_property' expects at least one object. [E:/Classes/Embedded Systems/Final_Project/Embedded_System_Final_Project/GPIO/Basys-3-GPIO/src/constraints/Basys3_Master.xdc:119]
Resolution: If [get_<value>] was used to populate the object, check to make sure this command returns at least one valid object.
WARNING: [Vivado 12-584] No ports matched 'SSEG_AN[3]'. [E:/Classes/Embedded Systems/Final_Project/Embedded_System_Final_Project/GPIO/Basys-3-GPIO/src/constraints/Basys3_Master.xdc:120]
CRITICAL WARNING: [Common 17-55] 'set_property' expects at least one object. [E:/Classes/Embedded Systems/Final_Project/Embedded_System_Final_Project/GPIO/Basys-3-GPIO/src/constraints/Basys3_Master.xdc:120]
Resolution: If [get_<value>] was used to populate the object, check to make sure this command returns at least one valid object.
WARNING: [Vivado 12-584] No ports matched 'VGA_RED[0]'. [E:/Classes/Embedded Systems/Final_Project/Embedded_System_Final_Project/GPIO/Basys-3-GPIO/src/constraints/Basys3_Master.xdc:255]
CRITICAL WARNING: [Common 17-55] 'set_property' expects at least one object. [E:/Classes/Embedded Systems/Final_Project/Embedded_System_Final_Project/GPIO/Basys-3-GPIO/src/constraints/Basys3_Master.xdc:255]
Resolution: If [get_<value>] was used to populate the object, check to make sure this command returns at least one valid object.
WARNING: [Vivado 12-584] No ports matched 'VGA_RED[0]'. [E:/Classes/Embedded Systems/Final_Project/Embedded_System_Final_Project/GPIO/Basys-3-GPIO/src/constraints/Basys3_Master.xdc:256]
CRITICAL WARNING: [Common 17-55] 'set_property' expects at least one object. [E:/Classes/Embedded Systems/Final_Project/Embedded_System_Final_Project/GPIO/Basys-3-GPIO/src/constraints/Basys3_Master.xdc:256]
Resolution: If [get_<value>] was used to populate the object, check to make sure this command returns at least one valid object.
WARNING: [Vivado 12-584] No ports matched 'VGA_RED[1]'. [E:/Classes/Embedded Systems/Final_Project/Embedded_System_Final_Project/GPIO/Basys-3-GPIO/src/constraints/Basys3_Master.xdc:258]
CRITICAL WARNING: [Common 17-55] 'set_property' expects at least one object. [E:/Classes/Embedded Systems/Final_Project/Embedded_System_Final_Project/GPIO/Basys-3-GPIO/src/constraints/Basys3_Master.xdc:258]
Resolution: If [get_<value>] was used to populate the object, check to make sure this command returns at least one valid object.
WARNING: [Vivado 12-584] No ports matched 'VGA_RED[1]'. [E:/Classes/Embedded Systems/Final_Project/Embedded_System_Final_Project/GPIO/Basys-3-GPIO/src/constraints/Basys3_Master.xdc:259]
CRITICAL WARNING: [Common 17-55] 'set_property' expects at least one object. [E:/Classes/Embedded Systems/Final_Project/Embedded_System_Final_Project/GPIO/Basys-3-GPIO/src/constraints/Basys3_Master.xdc:259]
Resolution: If [get_<value>] was used to populate the object, check to make sure this command returns at least one valid object.
WARNING: [Vivado 12-584] No ports matched 'VGA_RED[2]'. [E:/Classes/Embedded Systems/Final_Project/Embedded_System_Final_Project/GPIO/Basys-3-GPIO/src/constraints/Basys3_Master.xdc:261]
CRITICAL WARNING: [Common 17-55] 'set_property' expects at least one object. [E:/Classes/Embedded Systems/Final_Project/Embedded_System_Final_Project/GPIO/Basys-3-GPIO/src/constraints/Basys3_Master.xdc:261]
Resolution: If [get_<value>] was used to populate the object, check to make sure this command returns at least one valid object.
WARNING: [Vivado 12-584] No ports matched 'VGA_RED[2]'. [E:/Classes/Embedded Systems/Final_Project/Embedded_System_Final_Project/GPIO/Basys-3-GPIO/src/constraints/Basys3_Master.xdc:262]
CRITICAL WARNING: [Common 17-55] 'set_property' expects at least one object. [E:/Classes/Embedded Systems/Final_Project/Embedded_System_Final_Project/GPIO/Basys-3-GPIO/src/constraints/Basys3_Master.xdc:262]
Resolution: If [get_<value>] was used to populate the object, check to make sure this command returns at least one valid object.
WARNING: [Vivado 12-584] No ports matched 'VGA_RED[3]'. [E:/Classes/Embedded Systems/Final_Project/Embedded_System_Final_Project/GPIO/Basys-3-GPIO/src/constraints/Basys3_Master.xdc:264]
CRITICAL WARNING: [Common 17-55] 'set_property' expects at least one object. [E:/Classes/Embedded Systems/Final_Project/Embedded_System_Final_Project/GPIO/Basys-3-GPIO/src/constraints/Basys3_Master.xdc:264]
Resolution: If [get_<value>] was used to populate the object, check to make sure this command returns at least one valid object.
WARNING: [Vivado 12-584] No ports matched 'VGA_RED[3]'. [E:/Classes/Embedded Systems/Final_Project/Embedded_System_Final_Project/GPIO/Basys-3-GPIO/src/constraints/Basys3_Master.xdc:265]
CRITICAL WARNING: [Common 17-55] 'set_property' expects at least one object. [E:/Classes/Embedded Systems/Final_Project/Embedded_System_Final_Project/GPIO/Basys-3-GPIO/src/constraints/Basys3_Master.xdc:265]
Resolution: If [get_<value>] was used to populate the object, check to make sure this command returns at least one valid object.
WARNING: [Vivado 12-584] No ports matched 'VGA_BLUE[0]'. [E:/Classes/Embedded Systems/Final_Project/Embedded_System_Final_Project/GPIO/Basys-3-GPIO/src/constraints/Basys3_Master.xdc:267]
CRITICAL WARNING: [Common 17-55] 'set_property' expects at least one object. [E:/Classes/Embedded Systems/Final_Project/Embedded_System_Final_Project/GPIO/Basys-3-GPIO/src/constraints/Basys3_Master.xdc:267]
Resolution: If [get_<value>] was used to populate the object, check to make sure this command returns at least one valid object.
WARNING: [Vivado 12-584] No ports matched 'VGA_BLUE[0]'. [E:/Classes/Embedded Systems/Final_Project/Embedded_System_Final_Project/GPIO/Basys-3-GPIO/src/constraints/Basys3_Master.xdc:268]
CRITICAL WARNING: [Common 17-55] 'set_property' expects at least one object. [E:/Classes/Embedded Systems/Final_Project/Embedded_System_Final_Project/GPIO/Basys-3-GPIO/src/constraints/Basys3_Master.xdc:268]
Resolution: If [get_<value>] was used to populate the object, check to make sure this command returns at least one valid object.
WARNING: [Vivado 12-584] No ports matched 'VGA_BLUE[1]'. [E:/Classes/Embedded Systems/Final_Project/Embedded_System_Final_Project/GPIO/Basys-3-GPIO/src/constraints/Basys3_Master.xdc:270]
CRITICAL WARNING: [Common 17-55] 'set_property' expects at least one object. [E:/Classes/Embedded Systems/Final_Project/Embedded_System_Final_Project/GPIO/Basys-3-GPIO/src/constraints/Basys3_Master.xdc:270]
Resolution: If [get_<value>] was used to populate the object, check to make sure this command returns at least one valid object.
WARNING: [Vivado 12-584] No ports matched 'VGA_BLUE[1]'. [E:/Classes/Embedded Systems/Final_Project/Embedded_System_Final_Project/GPIO/Basys-3-GPIO/src/constraints/Basys3_Master.xdc:271]
INFO: [Common 17-14] Message 'Vivado 12-584' appears 100 times and further instances of the messages will be disabled. Use the Tcl command set_msg_config to change the current settings. [E:/Classes/Embedded Systems/Final_Project/Embedded_System_Final_Project/GPIO/Basys-3-GPIO/src/constraints/Basys3_Master.xdc:271]
CRITICAL WARNING: [Common 17-55] 'set_property' expects at least one object. [E:/Classes/Embedded Systems/Final_Project/Embedded_System_Final_Project/GPIO/Basys-3-GPIO/src/constraints/Basys3_Master.xdc:271]
Resolution: If [get_<value>] was used to populate the object, check to make sure this command returns at least one valid object.
Finished Parsing XDC File [E:/Classes/Embedded Systems/Final_Project/Embedded_System_Final_Project/GPIO/Basys-3-GPIO/src/constraints/Basys3_Master.xdc]
INFO: [Project 1-236] Implementation specific constraints were found while reading constraint file [E:/Classes/Embedded Systems/Final_Project/Embedded_System_Final_Project/GPIO/Basys-3-GPIO/src/constraints/Basys3_Master.xdc]. These constraints will be ignored for synthesis but will be used in implementation. Impacted constraints are listed in the file [.Xil/GPIO_demo_propImpl.xdc].
Resolution: To avoid this warning, move constraints listed in [.Xil/GPIO_demo_propImpl.xdc] to another XDC file and exclude this new file from synthesis with the used_in_synthesis property (File Properties dialog in GUI) and re-run elaboration/synthesis.
Completed Processing XDC Constraints

Netlist sorting complete. Time (s): cpu = 00:00:00 ; elapsed = 00:00:00 . Memory (MB): peak = 1037.461 ; gain = 0.000
INFO: [Project 1-111] Unisim Transformation Summary:
No Unisim elements were transformed.

Constraint Validation Runtime : Time (s): cpu = 00:00:00 ; elapsed = 00:00:00.026 . Memory (MB): peak = 1037.461 ; gain = 0.000
---------------------------------------------------------------------------------
Finished Constraint Validation : Time (s): cpu = 00:00:13 ; elapsed = 00:00:15 . Memory (MB): peak = 1037.461 ; gain = 21.801
---------------------------------------------------------------------------------
---------------------------------------------------------------------------------
Start Loading Part and Timing Information
---------------------------------------------------------------------------------
Loading part: xc7a35tcpg236-1
---------------------------------------------------------------------------------
Finished Loading Part and Timing Information : Time (s): cpu = 00:00:13 ; elapsed = 00:00:15 . Memory (MB): peak = 1037.461 ; gain = 21.801
---------------------------------------------------------------------------------
---------------------------------------------------------------------------------
Start Applying 'set_property' XDC Constraints
---------------------------------------------------------------------------------
---------------------------------------------------------------------------------
Finished applying 'set_property' XDC Constraints : Time (s): cpu = 00:00:13 ; elapsed = 00:00:15 . Memory (MB): peak = 1037.461 ; gain = 21.801
---------------------------------------------------------------------------------
INFO: [Synth 8-802] inferred FSM for state register 'txState_reg' in module 'UART_TX_CTRL'
INFO: [Synth 8-802] inferred FSM for state register 'uartState_reg' in module 'GPIO_demo'
---------------------------------------------------------------------------------------------------
                   State |                     New Encoding |                Previous Encoding 
---------------------------------------------------------------------------------------------------
                     rdy |                               00 |                               00
                load_bit |                               01 |                               01
                send_bit |                               10 |                               10
---------------------------------------------------------------------------------------------------
INFO: [Synth 8-3354] encoded FSM with state register 'txState_reg' using encoding 'sequential' in module 'UART_TX_CTRL'
---------------------------------------------------------------------------------------------------
                   State |                     New Encoding |                Previous Encoding 
---------------------------------------------------------------------------------------------------
                 rst_reg |                              000 |                              000
             ld_init_str |                              001 |                              001
               send_char |                              010 |                              010
                 rdy_low |                              011 |                              011
                wait_rdy |                              100 |                              100
                wait_btn |                              101 |                              101
              ld_btn_str |                              110 |                              110
---------------------------------------------------------------------------------------------------
INFO: [Synth 8-3354] encoded FSM with state register 'uartState_reg' using encoding 'sequential' in module 'GPIO_demo'
---------------------------------------------------------------------------------
Finished RTL Optimization Phase 2 : Time (s): cpu = 00:00:13 ; elapsed = 00:00:15 . Memory (MB): peak = 1037.461 ; gain = 21.801
---------------------------------------------------------------------------------
---------------------------------------------------------------------------------
Start RTL Component Statistics 
---------------------------------------------------------------------------------
Detailed RTL Component Info : 
+---XORs : 
	   2 Input      1 Bit         XORs := 5     
+---Registers : 
	               31 Bit    Registers := 1     
	               10 Bit    Registers := 1     
	                8 Bit    Registers := 3     
	                5 Bit    Registers := 1     
	                4 Bit    Registers := 1     
	                1 Bit    Registers := 2     
+---Muxes : 
	   7 Input    3 Bit        Muxes := 1     
	   2 Input    3 Bit        Muxes := 1     
	   3 Input    2 Bit        Muxes := 1     
	   2 Input    2 Bit        Muxes := 1     
	   2 Input    1 Bit        Muxes := 13    
	   3 Input    1 Bit        Muxes := 1     
	   7 Input    1 Bit        Muxes := 1     
---------------------------------------------------------------------------------
Finished RTL Component Statistics 
---------------------------------------------------------------------------------
---------------------------------------------------------------------------------
Start Part Resource Summary
---------------------------------------------------------------------------------
Part Resources:
DSPs: 90 (col length:60)
BRAMs: 100 (col length: RAMB18 60 RAMB36 30)
---------------------------------------------------------------------------------
Finished Part Resource Summary
---------------------------------------------------------------------------------
---------------------------------------------------------------------------------
Start Cross Boundary and Area Optimization
---------------------------------------------------------------------------------
---------------------------------------------------------------------------------
Finished Cross Boundary and Area Optimization : Time (s): cpu = 00:00:15 ; elapsed = 00:00:18 . Memory (MB): peak = 1037.461 ; gain = 21.801
---------------------------------------------------------------------------------
---------------------------------------------------------------------------------
Start Applying XDC Timing Constraints
---------------------------------------------------------------------------------
---------------------------------------------------------------------------------
Finished Applying XDC Timing Constraints : Time (s): cpu = 00:00:23 ; elapsed = 00:00:26 . Memory (MB): peak = 1037.461 ; gain = 21.801
---------------------------------------------------------------------------------
---------------------------------------------------------------------------------
Start Timing Optimization
---------------------------------------------------------------------------------
---------------------------------------------------------------------------------
Finished Timing Optimization : Time (s): cpu = 00:00:23 ; elapsed = 00:00:26 . Memory (MB): peak = 1043.461 ; gain = 27.801
---------------------------------------------------------------------------------
---------------------------------------------------------------------------------
Start Technology Mapping
---------------------------------------------------------------------------------
---------------------------------------------------------------------------------
Finished Technology Mapping : Time (s): cpu = 00:00:24 ; elapsed = 00:00:26 . Memory (MB): peak = 1044.230 ; gain = 28.570
---------------------------------------------------------------------------------
---------------------------------------------------------------------------------
Start IO Insertion
---------------------------------------------------------------------------------
---------------------------------------------------------------------------------
Start Flattening Before IO Insertion
---------------------------------------------------------------------------------
---------------------------------------------------------------------------------
Finished Flattening Before IO Insertion
---------------------------------------------------------------------------------
---------------------------------------------------------------------------------
Start Final Netlist Cleanup
---------------------------------------------------------------------------------
---------------------------------------------------------------------------------
Finished Final Netlist Cleanup
---------------------------------------------------------------------------------
---------------------------------------------------------------------------------
Finished IO Insertion : Time (s): cpu = 00:00:27 ; elapsed = 00:00:30 . Memory (MB): peak = 1051.008 ; gain = 35.348
---------------------------------------------------------------------------------
---------------------------------------------------------------------------------
Start Renaming Generated Instances
---------------------------------------------------------------------------------
---------------------------------------------------------------------------------
Finished Renaming Generated Instances : Time (s): cpu = 00:00:27 ; elapsed = 00:00:30 . Memory (MB): peak = 1051.008 ; gain = 35.348
---------------------------------------------------------------------------------
---------------------------------------------------------------------------------
Start Rebuilding User Hierarchy
---------------------------------------------------------------------------------
---------------------------------------------------------------------------------
Finished Rebuilding User Hierarchy : Time (s): cpu = 00:00:27 ; elapsed = 00:00:30 . Memory (MB): peak = 1051.008 ; gain = 35.348
---------------------------------------------------------------------------------
---------------------------------------------------------------------------------
Start Renaming Generated Ports
---------------------------------------------------------------------------------
---------------------------------------------------------------------------------
Finished Renaming Generated Ports : Time (s): cpu = 00:00:27 ; elapsed = 00:00:30 . Memory (MB): peak = 1051.008 ; gain = 35.348
---------------------------------------------------------------------------------
---------------------------------------------------------------------------------
Start Handling Custom Attributes
---------------------------------------------------------------------------------
---------------------------------------------------------------------------------
Finished Handling Custom Attributes : Time (s): cpu = 00:00:27 ; elapsed = 00:00:30 . Memory (MB): peak = 1051.008 ; gain = 35.348
---------------------------------------------------------------------------------
---------------------------------------------------------------------------------
Start Renaming Generated Nets
---------------------------------------------------------------------------------
---------------------------------------------------------------------------------
Finished Renaming Generated Nets : Time (s): cpu = 00:00:27 ; elapsed = 00:00:30 . Memory (MB): peak = 1051.008 ; gain = 35.348
---------------------------------------------------------------------------------
---------------------------------------------------------------------------------
Start Writing Synthesis Report
---------------------------------------------------------------------------------

Report BlackBoxes: 
+-+--------------+----------+
| |BlackBox name |Instances |
+-+--------------+----------+
+-+--------------+----------+

Report Cell Usage: 
+------+-------+------+
|      |Cell   |Count |
+------+-------+------+
|1     |BUFG   |     1|
|2     |CARRY4 |    48|
|3     |LUT1   |    10|
|4     |LUT2   |     7|
|5     |LUT3   |    22|
|6     |LUT4   |    20|
|7     |LUT5   |    10|
|8     |LUT6   |    16|
|9     |FDRE   |   193|
|10    |FDSE   |     1|
|11    |IBUF   |     6|
|12    |OBUF   |     1|
+------+-------+------+
---------------------------------------------------------------------------------
Finished Writing Synthesis Report : Time (s): cpu = 00:00:27 ; elapsed = 00:00:30 . Memory (MB): peak = 1051.008 ; gain = 35.348
---------------------------------------------------------------------------------
Synthesis finished with 0 errors, 0 critical warnings and 0 warnings.
Synthesis Optimization Runtime : Time (s): cpu = 00:00:19 ; elapsed = 00:00:27 . Memory (MB): peak = 1051.008 ; gain = 13.547
Synthesis Optimization Complete : Time (s): cpu = 00:00:27 ; elapsed = 00:00:30 . Memory (MB): peak = 1051.008 ; gain = 35.348
INFO: [Project 1-571] Translating synthesized netlist
Netlist sorting complete. Time (s): cpu = 00:00:00 ; elapsed = 00:00:00.007 . Memory (MB): peak = 1051.008 ; gain = 0.000
INFO: [Netlist 29-17] Analyzing 48 Unisim elements for replacement
INFO: [Netlist 29-28] Unisim Transformation completed in 0 CPU seconds
INFO: [Project 1-570] Preparing netlist for logic optimization
INFO: [Opt 31-138] Pushed 0 inverter(s) to 0 load pin(s).
Netlist sorting complete. Time (s): cpu = 00:00:00 ; elapsed = 00:00:00 . Memory (MB): peak = 1052.328 ; gain = 0.000
INFO: [Project 1-111] Unisim Transformation Summary:
No Unisim elements were transformed.

INFO: [Common 17-83] Releasing license: Synthesis
28 Infos, 100 Warnings, 100 Critical Warnings and 0 Errors encountered.
synth_design completed successfully
synth_design: Time (s): cpu = 00:00:34 ; elapsed = 00:00:45 . Memory (MB): peak = 1052.328 ; gain = 36.668
INFO: [Common 17-1381] The checkpoint 'E:/Classes/Embedded Systems/Final_Project/Embedded_System_Final_Project/uart_try/uart_try.runs/synth_1/GPIO_demo.dcp' has been generated.
INFO: [runtcl-4] Executing : report_utilization -file GPIO_demo_utilization_synth.rpt -pb GPIO_demo_utilization_synth.pb
INFO: [Common 17-206] Exiting Vivado at Mon Nov 30 20:09:23 2020...
